c:\users\big blue\google drive\school\fall 2015\operating systems\batcomputer os - draft\batcomputer-os\builds\visualstudio2015\debug\helptext.obj
c:\users\big blue\google drive\school\fall 2015\operating systems\batcomputer os - draft\batcomputer-os\builds\visualstudio2015\debug\main.obj
c:\users\big blue\google drive\school\fall 2015\operating systems\batcomputer os - draft\batcomputer-os\builds\visualstudio2015\debug\display.obj
c:\users\big blue\google drive\school\fall 2015\operating systems\batcomputer os - draft\batcomputer-os\builds\visualstudio2015\debug\wallpaper.obj
c:\users\big blue\google drive\school\fall 2015\operating systems\batcomputer os - draft\batcomputer-os\builds\visualstudio2015\debug\timecomponent.obj
c:\users\big blue\google drive\school\fall 2015\operating systems\batcomputer os - draft\batcomputer-os\builds\visualstudio2015\debug\maincomponent.obj
c:\users\big blue\google drive\school\fall 2015\operating systems\batcomputer os - draft\batcomputer-os\builds\visualstudio2015\debug\juce_audio_basics.obj
c:\users\big blue\google drive\school\fall 2015\operating systems\batcomputer os - draft\batcomputer-os\builds\visualstudio2015\debug\juce_audio_formats.obj
c:\users\big blue\google drive\school\fall 2015\operating systems\batcomputer os - draft\batcomputer-os\builds\visualstudio2015\debug\juce_events.obj
c:\users\big blue\google drive\school\fall 2015\operating systems\batcomputer os - draft\batcomputer-os\builds\visualstudio2015\debug\juce_gui_basics.obj
c:\users\big blue\google drive\school\fall 2015\operating systems\batcomputer os - draft\batcomputer-os\builds\visualstudio2015\debug\juce_cryptography.obj
c:\users\big blue\google drive\school\fall 2015\operating systems\batcomputer os - draft\batcomputer-os\builds\visualstudio2015\debug\juce_data_structures.obj
c:\users\big blue\google drive\school\fall 2015\operating systems\batcomputer os - draft\batcomputer-os\builds\visualstudio2015\debug\juce_graphics.obj
c:\users\big blue\google drive\school\fall 2015\operating systems\batcomputer os - draft\batcomputer-os\builds\visualstudio2015\debug\juce_video.obj
c:\users\big blue\google drive\school\fall 2015\operating systems\batcomputer os - draft\batcomputer-os\builds\visualstudio2015\debug\juce_core.obj
c:\users\big blue\google drive\school\fall 2015\operating systems\batcomputer os - draft\batcomputer-os\builds\visualstudio2015\debug\juce_gui_extra.obj
c:\users\big blue\google drive\school\fall 2015\operating systems\batcomputer os - draft\batcomputer-os\builds\visualstudio2015\debug\juce_audio_devices.obj
c:\users\big blue\google drive\school\fall 2015\operating systems\batcomputer os - draft\batcomputer-os\builds\visualstudio2015\debug\juce_audio_processors.obj
c:\users\big blue\google drive\school\fall 2015\operating systems\batcomputer os - draft\batcomputer-os\builds\visualstudio2015\debug\juce_opengl.obj
c:\users\big blue\google drive\school\fall 2015\operating systems\batcomputer os - draft\batcomputer-os\builds\visualstudio2015\debug\vc140.pdb
c:\users\big blue\google drive\school\fall 2015\operating systems\batcomputer os - draft\batcomputer-os\builds\visualstudio2015\debug\directorytext.obj
c:\users\big blue\google drive\school\fall 2015\operating systems\batcomputer os - draft\batcomputer-os\builds\visualstudio2015\debug\batcomputer os.ilk
c:\users\big blue\google drive\school\fall 2015\operating systems\batcomputer os - draft\batcomputer-os\builds\visualstudio2015\debug\batcomputer os.exe
c:\users\big blue\google drive\school\fall 2015\operating systems\batcomputer os - draft\batcomputer-os\builds\visualstudio2015\debug\batcomputer os.pdb
c:\users\big blue\google drive\school\fall 2015\operating systems\batcomputer os - draft\batcomputer-os\builds\visualstudio2015\debug\resources.res
c:\users\big blue\google drive\school\fall 2015\operating systems\batcomputer os - draft\batcomputer-os\builds\visualstudio2015\debug\help.obj
c:\users\big blue\google drive\school\fall 2015\operating systems\batcomputer os - draft\batcomputer-os\builds\visualstudio2015\debug\vc140.idb
c:\users\big blue\google drive\school\fall 2015\operating systems\batcomputer os - draft\batcomputer-os\builds\visualstudio2015\debug\batcomputer os.tlog\cl.command.1.tlog
c:\users\big blue\google drive\school\fall 2015\operating systems\batcomputer os - draft\batcomputer-os\builds\visualstudio2015\debug\batcomputer os.tlog\cl.read.1.tlog
c:\users\big blue\google drive\school\fall 2015\operating systems\batcomputer os - draft\batcomputer-os\builds\visualstudio2015\debug\batcomputer os.tlog\cl.write.1.tlog
c:\users\big blue\google drive\school\fall 2015\operating systems\batcomputer os - draft\batcomputer-os\builds\visualstudio2015\debug\batcomputer os.tlog\link.command.1.tlog
c:\users\big blue\google drive\school\fall 2015\operating systems\batcomputer os - draft\batcomputer-os\builds\visualstudio2015\debug\batcomputer os.tlog\link.read.1.tlog
c:\users\big blue\google drive\school\fall 2015\operating systems\batcomputer os - draft\batcomputer-os\builds\visualstudio2015\debug\batcomputer os.tlog\link.write.1.tlog
c:\users\big blue\google drive\school\fall 2015\operating systems\batcomputer os - draft\batcomputer-os\builds\visualstudio2015\debug\batcomputer os.tlog\rc.command.1.tlog
c:\users\big blue\google drive\school\fall 2015\operating systems\batcomputer os - draft\batcomputer-os\builds\visualstudio2015\debug\batcomputer os.tlog\rc.read.1.tlog
c:\users\big blue\google drive\school\fall 2015\operating systems\batcomputer os - draft\batcomputer-os\builds\visualstudio2015\debug\batcomputer os.tlog\rc.write.1.tlog
