Build started 10/14/2015 2:18:35 AM.
     1>Project "C:\Users\Big Blue\Desktop\BatComputer-OS ver 0_03\Builds\VisualStudio2015\BatComputer OS.vcxproj" on node 2 (Build target(s)).
     1>ClCompile:
         C:\Program Files (x86)\Microsoft Visual Studio 14.0\VC\bin\CL.exe /c /I..\..\JuceLibraryCode /I"C:\C++ Libraries\JUCE-WINDOWS\modules" /ZI /nologo /W4 /WX- /MP /Od /Oy- /D WIN32 /D _WINDOWS /D DEBUG /D _DEBUG /D JUCER_VS2015_78A5022=1 /D JUCE_APP_VERSION=1.0.0 /D JUCE_APP_VERSION_HEX=0x10000 /Gm- /EHsc /MTd /GS /fp:precise /Zc:wchar_t /Zc:forScope /Zc:inline /GR /Fo"Debug\\" /Fd"Debug\\vc140.pdb" /Gd /TP /analyze- /errorReport:prompt ..\..\Source\DirectoryText.cpp
         DirectoryText.cpp
     1>c:\users\big blue\desktop\batcomputer-os ver 0_03\source\directorytext.cpp(96): warning C4100: 'g': unreferenced formal parameter
       Link:
         C:\Program Files (x86)\Microsoft Visual Studio 14.0\VC\bin\link.exe /ERRORREPORT:PROMPT /OUT:"C:\Users\Big Blue\Desktop\BatComputer-OS ver 0_03\Builds\VisualStudio2015\Debug\\BatComputer OS.exe" /NOLOGO kernel32.lib user32.lib gdi32.lib winspool.lib comdlg32.lib advapi32.lib shell32.lib ole32.lib oleaut32.lib uuid.lib odbc32.lib odbccp32.lib /NODEFAULTLIB:libcmt.lib /NODEFAULTLIB:msvcrt.lib /MANIFEST /MANIFESTUAC:"level='asInvoker' uiAccess='false'" /manifest:embed /Debug /PDB:"Debug\\BatComputer OS.pdb" /SUBSYSTEM:WINDOWS /LARGEADDRESSAWARE /TLBID:1 /DYNAMICBASE /NXCOMPAT /IMPLIB:"C:\Users\Big Blue\Desktop\BatComputer-OS ver 0_03\Builds\VisualStudio2015\Debug\BatComputer OS.lib" /MACHINE:X86 /SAFESEH:NO Debug\resources.res
         Debug\\Display.obj
         Debug\\DirectoryText.obj
         Debug\\HelpText.obj
         Debug\\Wallpaper.obj
         Debug\\TimeComponent.obj
         Debug\\MainComponent.obj
         Debug\\Main.obj
         Debug\\juce_audio_basics.obj
         Debug\\juce_audio_devices.obj
         Debug\\juce_audio_formats.obj
         Debug\\juce_audio_processors.obj
         Debug\\juce_core.obj
         Debug\\juce_cryptography.obj
         Debug\\juce_data_structures.obj
         Debug\\juce_events.obj
         Debug\\juce_graphics.obj
         Debug\\juce_gui_basics.obj
         Debug\\juce_gui_extra.obj
         Debug\\juce_opengl.obj
         Debug\\juce_video.obj
         BatComputer OS.vcxproj -> C:\Users\Big Blue\Desktop\BatComputer-OS ver 0_03\Builds\VisualStudio2015\Debug\BatComputer OS.exe
     1>Done Building Project "C:\Users\Big Blue\Desktop\BatComputer-OS ver 0_03\Builds\VisualStudio2015\BatComputer OS.vcxproj" (Build target(s)).

Build succeeded.

Time Elapsed 00:00:08.96
